{
  "stats": {
    "suites": 20,
    "tests": 58,
    "passes": 57,
    "pending": 1,
    "failures": 0,
    "testsRegistered": 58,
    "passPercent": 98.27586206896552,
    "pendingPercent": 1.7241379310344827,
    "other": 0,
    "hasOther": false,
    "skipped": 0,
    "hasSkipped": false,
    "start": "2023-04-23T03:35:26.183Z",
    "end": "2023-04-23T03:38:10.841Z",
    "duration": 164658
  },
  "results": [
    {
      "uuid": "2108ace7-11ce-4777-a33d-e4291604d3f6",
      "title": "",
      "fullFile": "cypress/e2e/automation-test-store/add-multiple-items-to-basket.ts",
      "file": "cypress/e2e/automation-test-store/add-multiple-items-to-basket.ts",
      "beforeHooks": [],
      "afterHooks": [],
      "tests": [],
      "suites": [
        {
          "uuid": "caa005c3-c9ae-4c48-82c1-beb0abe22c22",
          "title": "Add multiple items to basket",
          "fullFile": "",
          "file": "",
          "beforeHooks": [],
          "afterHooks": [],
          "tests": [
            {
              "title": "Add specific items to basket",
              "fullTitle": "Add multiple items to basket Add specific items to basket",
              "timedOut": null,
              "duration": 9529,
              "state": "passed",
              "speed": "medium",
              "pass": true,
              "fail": false,
              "pending": false,
              "context": null,
              "code": "this.data.productName.forEach(function (element) {\n    autoHairCareStorePage.addProductToBasket(element);\n});\ncy.get(\".dropdown-toggle > .fa\").click();",
              "err": {},
              "uuid": "6b60d6ab-c01a-4ebd-b2f5-408b73372367",
              "parentUUID": "caa005c3-c9ae-4c48-82c1-beb0abe22c22",
              "isHook": false,
              "skipped": false
            },
            {
              "title": "Add specific items to basket: Using Page Object Commands",
              "fullTitle": "Add multiple items to basket Add specific items to basket: Using Page Object Commands",
              "timedOut": null,
              "duration": 8690,
              "state": "passed",
              "speed": "medium",
              "pass": true,
              "fail": false,
              "pending": false,
              "context": null,
              "code": "autoHairCareStorePage.addHairCareProductsToBasket2(globalThis.data.productName);",
              "err": {},
              "uuid": "922ec454-84e4-47a9-bb61-02171193fdc5",
              "parentUUID": "caa005c3-c9ae-4c48-82c1-beb0abe22c22",
              "isHook": false,
              "skipped": false
            },
            {
              "title": "Extracting productName array from data (fixtures)",
              "fullTitle": "Add multiple items to basket Extracting productName array from data (fixtures)",
              "timedOut": null,
              "duration": 7377,
              "state": "passed",
              "speed": "medium",
              "pass": true,
              "fail": false,
              "pending": false,
              "context": null,
              "code": "productNames.forEach(function (product) {\n    cy.log(product);\n});\nautoHairCareStorePage.addHairCareProductsToBasket2(productNames);",
              "err": {},
              "uuid": "f61f3270-45f5-48f3-add4-0475989cbdef",
              "parentUUID": "caa005c3-c9ae-4c48-82c1-beb0abe22c22",
              "isHook": false,
              "skipped": false
            },
            {
              "title": "Extracting all data as object from fixtures",
              "fullTitle": "Add multiple items to basket Extracting all data as object from fixtures",
              "timedOut": null,
              "duration": 6272,
              "state": "passed",
              "speed": "medium",
              "pass": true,
              "fail": false,
              "pending": false,
              "context": null,
              "code": "cy.log(dataObject[\"productName\"][1]);",
              "err": {},
              "uuid": "07baa2d0-e1fe-4703-8380-493f4fe4ab3e",
              "parentUUID": "caa005c3-c9ae-4c48-82c1-beb0abe22c22",
              "isHook": false,
              "skipped": false
            }
          ],
          "suites": [],
          "passes": [
            "6b60d6ab-c01a-4ebd-b2f5-408b73372367",
            "922ec454-84e4-47a9-bb61-02171193fdc5",
            "f61f3270-45f5-48f3-add4-0475989cbdef",
            "07baa2d0-e1fe-4703-8380-493f4fe4ab3e"
          ],
          "failures": [],
          "pending": [],
          "skipped": [],
          "duration": 31868,
          "root": false,
          "rootEmpty": false,
          "_timeout": 2000
        }
      ],
      "passes": [],
      "failures": [],
      "pending": [],
      "skipped": [],
      "duration": 0,
      "root": true,
      "rootEmpty": true,
      "_timeout": 2000
    },
    {
      "uuid": "fc9d813e-ab64-4fa7-815d-2fd8400327ae",
      "title": "",
      "fullFile": "cypress/e2e/automation-test-store/alias-invoke.ts",
      "file": "cypress/e2e/automation-test-store/alias-invoke.ts",
      "beforeHooks": [],
      "afterHooks": [],
      "tests": [],
      "suites": [
        {
          "uuid": "84e612e1-4797-4821-b53c-bf53382595ba",
          "title": "Alias and invoke",
          "fullFile": "",
          "file": "",
          "beforeHooks": [],
          "afterHooks": [],
          "tests": [
            {
              "title": "Validate a specific hair care product",
              "fullTitle": "Alias and invoke Validate a specific hair care product",
              "timedOut": null,
              "duration": 4641,
              "state": "passed",
              "speed": "fast",
              "pass": true,
              "fail": false,
              "pending": false,
              "context": null,
              "code": "cy.visit(\"https://automationteststore.com/\");\ncy.get(\"a[href*='product/category&path=']\").contains(\"Hair Care\").click();\ncy.get(\".fixed_wrapper .prdocutname\")\n    .eq(0)\n    .invoke(\"text\")\n    .as(\"productThumbnail\");\ncy.get(\"@productThumbnail\").its(\"length\").should(\"be.gt\", 5);\ncy.get(\"@productThumbnail\").should(\"include\", \"Seaweed Conditioner\");",
              "err": {},
              "uuid": "cc76584d-03f8-4e6b-9f28-6ded75e1e675",
              "parentUUID": "84e612e1-4797-4821-b53c-bf53382595ba",
              "isHook": false,
              "skipped": false
            },
            {
              "title": "Validate product thumbnail",
              "fullTitle": "Alias and invoke Validate product thumbnail",
              "timedOut": null,
              "duration": 1058,
              "state": "passed",
              "speed": "fast",
              "pass": true,
              "fail": false,
              "pending": false,
              "context": null,
              "code": "cy.visit(\"https://automationteststore.com/\");\ncy.get(\".thumbnail\").as(\"productThumbnail\");\ncy.get(\"@productThumbnail\").should(\"have.length\", 16);\ncy.get(\"@productThumbnail\")\n    .find(\".productcart\")\n    .invoke(\"attr\", \"title\")\n    .should(\"include\", \"Add to Cart\");",
              "err": {},
              "uuid": "ec444918-f224-4d17-b88b-5bae255a4a2e",
              "parentUUID": "84e612e1-4797-4821-b53c-bf53382595ba",
              "isHook": false,
              "skipped": false
            },
            {
              "title": "Calculate total of normal and sale products",
              "fullTitle": "Alias and invoke Calculate total of normal and sale products",
              "timedOut": null,
              "duration": 931,
              "state": "passed",
              "speed": "fast",
              "pass": true,
              "fail": false,
              "pending": false,
              "context": null,
              "code": "cy.visit(\"https://automationteststore.com/\");\ncy.get(\".thumbnail\").as(\"productThumbnail\");\n// cy.get('@productThumbnail').find('.oneprice').each(($el, index, $list) => {\n//     cy.log($el.text());\n// });\ncy.get(\".thumbnail\").find(\".oneprice\").invoke(\"text\").as(\"itemPrice\");\ncy.get(\".thumbnail\").find(\".pricenew\").as(\"saleItemPrice\");\nvar itemsTotal = 0;\n// since @itemPrice was invoked as text, see line 34 & 35,\n// even though typescript still recognizes it as a JQuery element from the then()\n// we should set it to type any to be able to use string methods on it.\n// ex. el.split wont work because it is a JQuery element , but at the same time .text()\n// doesnt work either even though it is a JQuery element.\n// SOLUTION: use \"any\" type and treat it as a string and not JQuery Element\n// OPTION 2: do not use .invoke(\"text\") on it....\n// NOTES: compiler will allow and not throw an error but cypressApp\n// will throw a runtime error\n// with invoke\ncy.get(\"@itemPrice\").then(function (el) {\n    var itemsPriceTotal = 0;\n    var itemPrice = el.split(\"$\");\n    for (var i = 0; i < itemPrice.length; i++) {\n        cy.log(itemPrice[i]);\n        itemsPriceTotal += Number(itemPrice[i]);\n    }\n    itemsTotal += itemsPriceTotal;\n    cy.log(\"Non sale price items total: \" + itemsPriceTotal);\n});\n// without invoke\ncy.get(\"@saleItemPrice\")\n    .then(function (el) {\n    var saleItemsPrice = 0;\n    var saleItemPrice = el.text().split(\"$\");\n    for (var i = 0; i < saleItemPrice.length; i++) {\n        cy.log(saleItemPrice[i]);\n        saleItemsPrice += Number(saleItemPrice[i]);\n    }\n    itemsTotal += saleItemsPrice;\n    cy.log(\"Sale price items total: \" + saleItemsPrice);\n})\n    .then(function () {\n    cy.log(\"The total price of all products: \" + itemsTotal);\n    expect(itemsTotal).to.equal(639.49);\n});",
              "err": {},
              "uuid": "bae6fd4d-e783-4dd2-a894-142e93b5fba4",
              "parentUUID": "84e612e1-4797-4821-b53c-bf53382595ba",
              "isHook": false,
              "skipped": false
            }
          ],
          "suites": [],
          "passes": [
            "cc76584d-03f8-4e6b-9f28-6ded75e1e675",
            "ec444918-f224-4d17-b88b-5bae255a4a2e",
            "bae6fd4d-e783-4dd2-a894-142e93b5fba4"
          ],
          "failures": [],
          "pending": [],
          "skipped": [],
          "duration": 6630,
          "root": false,
          "rootEmpty": false,
          "_timeout": 2000
        }
      ],
      "passes": [],
      "failures": [],
      "pending": [],
      "skipped": [],
      "duration": 0,
      "root": true,
      "rootEmpty": true,
      "_timeout": 2000
    },
    {
      "uuid": "f97059d1-d52d-4f18-adda-488a2b1ffc44",
      "title": "",
      "fullFile": "cypress/e2e/automation-test-store/contact-us.ts",
      "file": "cypress/e2e/automation-test-store/contact-us.ts",
      "beforeHooks": [],
      "afterHooks": [],
      "tests": [],
      "suites": [
        {
          "uuid": "262bd268-e418-4b9c-9db2-1f8cc0c7e113",
          "title": "Test Contact Us form via Automation Test Store",
          "fullFile": "",
          "file": "",
          "beforeHooks": [],
          "afterHooks": [],
          "tests": [
            {
              "title": "Should be able to submit a successful submission via contact us form",
              "fullTitle": "Test Contact Us form via Automation Test Store Should be able to submit a successful submission via contact us form",
              "timedOut": null,
              "duration": 9289,
              "state": "passed",
              "speed": "medium",
              "pass": true,
              "fail": false,
              "pending": false,
              "context": null,
              "code": "cy.visit(\"https://www.automationteststore.com/\");\ncy.get(\"a[href$='contact']\").click();\n//cy.xpath(\"//a[contains(@href, 'contact')]\").click();\ncy.get('#ContactUsFrm_first_name').type(\"Joe\");\ncy.get('#ContactUsFrm_email').type(\"joe_blogs123@gmail.com\");\ncy.get('#ContactUsFrm_email').should('have.attr', 'name', 'email');\ncy.get('#ContactUsFrm_enquiry').type(\"Do you provide additional discount on bulk orders?\");\ncy.get(\"button[title='Submit']\").click();\ncy.get('.mb40 > :nth-child(3)').should('have.text', 'Your enquiry has been successfully sent to the store owner!');\ncy.log(\"Test has completed!\");",
              "err": {},
              "uuid": "6fef3980-46b9-4b87-a7d0-aa09b6d390f3",
              "parentUUID": "262bd268-e418-4b9c-9db2-1f8cc0c7e113",
              "isHook": false,
              "skipped": false
            }
          ],
          "suites": [],
          "passes": [
            "6fef3980-46b9-4b87-a7d0-aa09b6d390f3"
          ],
          "failures": [],
          "pending": [],
          "skipped": [],
          "duration": 9289,
          "root": false,
          "rootEmpty": false,
          "_timeout": 2000
        }
      ],
      "passes": [],
      "failures": [],
      "pending": [],
      "skipped": [],
      "duration": 0,
      "root": true,
      "rootEmpty": true,
      "_timeout": 2000
    },
    {
      "uuid": "4a3365cb-db15-42f6-a093-24a9b931284c",
      "title": "",
      "fullFile": "cypress/e2e/automation-test-store/inspect-item.ts",
      "file": "cypress/e2e/automation-test-store/inspect-item.ts",
      "beforeHooks": [],
      "afterHooks": [],
      "tests": [],
      "suites": [
        {
          "uuid": "a6069f16-e065-4323-8f07-f8711d1d1739",
          "title": "Inspect Automation Test Store items using chain of commands",
          "fullFile": "",
          "file": "",
          "beforeHooks": [],
          "afterHooks": [],
          "tests": [
            {
              "title": "Click on the first item using item header",
              "fullTitle": "Inspect Automation Test Store items using chain of commands Click on the first item using item header",
              "timedOut": null,
              "duration": 7091,
              "state": "passed",
              "speed": "medium",
              "pass": true,
              "fail": false,
              "pending": false,
              "context": null,
              "code": "cy.visit(\"https://www.automationteststore.com/\");\ncy.get(\"#block_frame_featured_1769 > .thumbnails > :nth-child(1) > .fixed_wrapper > .fixed > .prdocutname\").click();",
              "err": {},
              "uuid": "86b3ab52-8e53-48a5-aec2-36b02b904abf",
              "parentUUID": "a6069f16-e065-4323-8f07-f8711d1d1739",
              "isHook": false,
              "skipped": false
            },
            {
              "title": "Click on the first item using item text",
              "fullTitle": "Inspect Automation Test Store items using chain of commands Click on the first item using item text",
              "timedOut": null,
              "duration": 6295,
              "state": "passed",
              "speed": "medium",
              "pass": true,
              "fail": false,
              "pending": false,
              "context": null,
              "code": "cy.visit(\"https://www.automationteststore.com/\");\ncy.get(\".prdocutname\").contains(\"Skinsheen Bronzer Stick\").click();",
              "err": {},
              "uuid": "b66e054b-482d-4a68-891b-454c65ecdebc",
              "parentUUID": "a6069f16-e065-4323-8f07-f8711d1d1739",
              "isHook": false,
              "skipped": false
            },
            {
              "title": "Click on the first item using index",
              "fullTitle": "Inspect Automation Test Store items using chain of commands Click on the first item using index",
              "timedOut": null,
              "duration": 6093,
              "state": "passed",
              "speed": "medium",
              "pass": true,
              "fail": false,
              "pending": false,
              "context": null,
              "code": "cy.visit(\"https://www.automationteststore.com/\");\ncy.get(\".fixed_wrapper\").find(\".prdocutname\").eq(0).click();",
              "err": {},
              "uuid": "6ae3809f-ccfa-4aec-920a-8277bd5bf35c",
              "parentUUID": "a6069f16-e065-4323-8f07-f8711d1d1739",
              "isHook": false,
              "skipped": false
            }
          ],
          "suites": [],
          "passes": [
            "86b3ab52-8e53-48a5-aec2-36b02b904abf",
            "b66e054b-482d-4a68-891b-454c65ecdebc",
            "6ae3809f-ccfa-4aec-920a-8277bd5bf35c"
          ],
          "failures": [],
          "pending": [],
          "skipped": [],
          "duration": 19479,
          "root": false,
          "rootEmpty": false,
          "_timeout": 2000
        }
      ],
      "passes": [],
      "failures": [],
      "pending": [],
      "skipped": [],
      "duration": 0,
      "root": true,
      "rootEmpty": true,
      "_timeout": 2000
    },
    {
      "uuid": "818dff5f-3ff4-496c-848d-192511144f59",
      "title": "",
      "fullFile": "cypress/e2e/automation-test-store/iterate-over-elements.ts",
      "file": "cypress/e2e/automation-test-store/iterate-over-elements.ts",
      "beforeHooks": [],
      "afterHooks": [],
      "tests": [],
      "suites": [
        {
          "uuid": "03e4276a-cbbd-4af1-ad5d-e6f9bb15503e",
          "title": "Iterate over elements",
          "fullFile": "",
          "file": "",
          "beforeHooks": [],
          "afterHooks": [],
          "tests": [
            {
              "title": "Add specific product to basket",
              "fullTitle": "Iterate over elements Add specific product to basket",
              "timedOut": null,
              "duration": 5690,
              "state": "passed",
              "speed": "medium",
              "pass": true,
              "fail": false,
              "pending": false,
              "context": null,
              "code": "hairCarePage.selectProduct(\"Curls to straight Shampoo\");",
              "err": {},
              "uuid": "952f6bd8-f93e-47e3-a465-99b96633cbcb",
              "parentUUID": "03e4276a-cbbd-4af1-ad5d-e6f9bb15503e",
              "isHook": false,
              "skipped": false
            }
          ],
          "suites": [],
          "passes": [
            "952f6bd8-f93e-47e3-a465-99b96633cbcb"
          ],
          "failures": [],
          "pending": [],
          "skipped": [],
          "duration": 5690,
          "root": false,
          "rootEmpty": false,
          "_timeout": 2000
        }
      ],
      "passes": [],
      "failures": [],
      "pending": [],
      "skipped": [],
      "duration": 0,
      "root": true,
      "rootEmpty": true,
      "_timeout": 2000
    },
    {
      "uuid": "2ae2e86a-b5ba-46ca-9ca5-a71b58d19585",
      "title": "",
      "fullFile": "cypress/e2e/automation-test-store/variables-and-cy-commands.ts",
      "file": "cypress/e2e/automation-test-store/variables-and-cy-commands.ts",
      "beforeHooks": [],
      "afterHooks": [],
      "tests": [],
      "suites": [
        {
          "uuid": "0d81a01a-1954-46dd-b460-1efbe4958301",
          "title": "Verifying variables, cypress commands and jquery commands",
          "fullFile": "",
          "file": "",
          "beforeHooks": [],
          "afterHooks": [],
          "tests": [
            {
              "title": "Navigating to specific product pages",
              "fullTitle": "Verifying variables, cypress commands and jquery commands Navigating to specific product pages",
              "timedOut": null,
              "duration": 5804,
              "state": "passed",
              "speed": "medium",
              "pass": true,
              "fail": false,
              "pending": false,
              "context": null,
              "code": "cy.visit(\"https://automationteststore.com/\");\n//The following will fail\n// const makeupLink = cy.get(\"a[href*='product/category&path=']\").contains(\"Makeup\")\n// const skincareLink = cy.get(\"a[href*='product/category&path=']\").contains(\"Skincare\")\n// makeupLink.click();\n// skincareLink.click();\n//The following will pass\n// const makeupLink = cy.get(\"a[href*='product/category&path=']\").contains(\"Makeup\")\n// makeupLink.click();\n// const skincareLink = cy.get(\"a[href*='product/category&path=']\").contains(\"Skincare\")\n// skincareLink.click();\n//Recommended Approach\ncy.get(\"a[href*='product/category&path=']\").contains(\"Skincare\").click();\ncy.get(\"a[href*='product/category&path=']\").contains(\"Makeup\").click();",
              "err": {},
              "uuid": "73477747-74b9-4f5f-9e9f-ac9baf106b69",
              "parentUUID": "0d81a01a-1954-46dd-b460-1efbe4958301",
              "isHook": false,
              "skipped": false
            },
            {
              "title": "Navigating to specific product pages",
              "fullTitle": "Verifying variables, cypress commands and jquery commands Navigating to specific product pages",
              "timedOut": null,
              "duration": 2016,
              "state": "passed",
              "speed": "fast",
              "pass": true,
              "fail": false,
              "pending": false,
              "context": null,
              "code": "cy.visit(\"https://automationteststore.com/\");\ncy.get(\"a[href*='product/category&path=']\").contains(\"Makeup\").click();\n//Following code will fail\n// const header = cy.get(\"h1 .maintext\");\n// cy.log(header.text())\ncy.get(\"h1 .maintext\").then(function ($headerText) {\n    var headerText = $headerText.text();\n    cy.log(\"Found header text: \" + headerText);\n    expect(headerText).is.eq('Makeup');\n});",
              "err": {},
              "uuid": "aada0fd8-85c5-4eb6-bf5b-19669e6b0edc",
              "parentUUID": "0d81a01a-1954-46dd-b460-1efbe4958301",
              "isHook": false,
              "skipped": false
            },
            {
              "title": "Validate properties of the Contact Us Page",
              "fullTitle": "Verifying variables, cypress commands and jquery commands Validate properties of the Contact Us Page",
              "timedOut": null,
              "duration": 740,
              "state": "passed",
              "speed": "fast",
              "pass": true,
              "fail": false,
              "pending": false,
              "context": null,
              "code": "cy.visit(\"https://automationteststore.com/index.php?rt=content/contact\");\n//Uses cypress commands and chaining\ncy.contains('#ContactUsFrm', 'Contact Us Form').find('#field_11').should('contain', 'First name');\n//JQuery Approach\ncy.contains('#ContactUsFrm', 'Contact Us Form').then(function (text) {\n    var firstNameText = text.find('#field_11').text();\n    expect(firstNameText).to.contain('First name');\n    //Embedded commands (Closure)\n    cy.get('#field_11').then(function (el) {\n        cy.log(el.text());\n        // cannot cy.log() a strictly typed JQueryElement\n        cy.log(el);\n    });\n});",
              "err": {},
              "uuid": "79146b66-ea0f-400c-bd58-0f743b097bfd",
              "parentUUID": "0d81a01a-1954-46dd-b460-1efbe4958301",
              "isHook": false,
              "skipped": false
            }
          ],
          "suites": [],
          "passes": [
            "73477747-74b9-4f5f-9e9f-ac9baf106b69",
            "aada0fd8-85c5-4eb6-bf5b-19669e6b0edc",
            "79146b66-ea0f-400c-bd58-0f743b097bfd"
          ],
          "failures": [],
          "pending": [],
          "skipped": [],
          "duration": 8560,
          "root": false,
          "rootEmpty": false,
          "_timeout": 2000
        }
      ],
      "passes": [],
      "failures": [],
      "pending": [],
      "skipped": [],
      "duration": 0,
      "root": true,
      "rootEmpty": true,
      "_timeout": 2000
    },
    {
      "uuid": "3f6fd449-121f-45d0-bde6-0984fbdb3c3e",
      "title": "",
      "fullFile": "cypress/e2e/other/same-origin-policy.ts",
      "file": "cypress/e2e/other/same-origin-policy.ts",
      "beforeHooks": [],
      "afterHooks": [],
      "tests": [],
      "suites": [
        {
          "uuid": "066f680b-c2d7-406e-9acb-8017051a1f44",
          "title": "Cypress web security",
          "fullFile": "",
          "file": "",
          "beforeHooks": [],
          "afterHooks": [],
          "tests": [
            {
              "title": "Validate visiting two different domains",
              "fullTitle": "Cypress web security Validate visiting two different domains",
              "timedOut": null,
              "duration": 0,
              "state": "pending",
              "speed": null,
              "pass": false,
              "fail": false,
              "pending": true,
              "context": null,
              "code": "cy.visit('http://www.webdriveruniversity.com/');\ncy.visit('https://www.google.com');\ncy.visit;",
              "err": {},
              "uuid": "3f0b3c5a-6539-4417-98c9-d8aca1acffed",
              "parentUUID": "066f680b-c2d7-406e-9acb-8017051a1f44",
              "isHook": false,
              "skipped": false
            },
            {
              "title": "Validate visiting two different domains via user actions",
              "fullTitle": "Cypress web security Validate visiting two different domains via user actions",
              "timedOut": null,
              "duration": 5078,
              "state": "passed",
              "speed": "medium",
              "pass": true,
              "fail": false,
              "pending": false,
              "context": null,
              "code": "cy.visit('http://www.webdriveruniversity.com/');\ncy.get('#automation-test-store').invoke('removeAttr', 'target').click();",
              "err": {},
              "uuid": "9015190b-2e6b-4a28-8539-d529cef13ab5",
              "parentUUID": "066f680b-c2d7-406e-9acb-8017051a1f44",
              "isHook": false,
              "skipped": false
            },
            {
              "title": "Origin command",
              "fullTitle": "Cypress web security Origin command",
              "timedOut": null,
              "duration": 5262,
              "state": "passed",
              "speed": "medium",
              "pass": true,
              "fail": false,
              "pending": false,
              "context": null,
              "code": "cy.origin('webdriveruniversity.com', function () {\n    cy.visit(\"/\");\n});\ncy.origin('automationteststore.com', function () {\n    cy.visit(\"/\");\n});\n//Same Origin Example:\n//cy.visit(\"https://www.webdriveruniversity.com\");\n//cy.visit(\"https://selectors.webdriveruniversity.com\");",
              "err": {},
              "uuid": "7e175ecd-f3d1-4c80-97cf-f288e9476454",
              "parentUUID": "066f680b-c2d7-406e-9acb-8017051a1f44",
              "isHook": false,
              "skipped": false
            }
          ],
          "suites": [],
          "passes": [
            "9015190b-2e6b-4a28-8539-d529cef13ab5",
            "7e175ecd-f3d1-4c80-97cf-f288e9476454"
          ],
          "failures": [],
          "pending": [
            "3f0b3c5a-6539-4417-98c9-d8aca1acffed"
          ],
          "skipped": [],
          "duration": 10340,
          "root": false,
          "rootEmpty": false,
          "_timeout": 2000
        }
      ],
      "passes": [],
      "failures": [],
      "pending": [],
      "skipped": [],
      "duration": 0,
      "root": true,
      "rootEmpty": true,
      "_timeout": 2000
    },
    {
      "uuid": "9c56c306-c324-476f-a6e4-7dd04616bc9b",
      "title": "",
      "fullFile": "cypress/e2e/webdriver-uni/autocomplete-dropdown-list.ts",
      "file": "cypress/e2e/webdriver-uni/autocomplete-dropdown-list.ts",
      "beforeHooks": [],
      "afterHooks": [],
      "tests": [],
      "suites": [
        {
          "uuid": "76f773f1-9394-4ab7-bf3a-41e0c34ce315",
          "title": "Verify Autocomplete dropwdown lists via webdriveruni",
          "fullFile": "",
          "file": "",
          "beforeHooks": [],
          "afterHooks": [],
          "tests": [
            {
              "title": "Select specific product via autocomplete list",
              "fullTitle": "Verify Autocomplete dropwdown lists via webdriveruni Select specific product via autocomplete list",
              "timedOut": null,
              "duration": 2443,
              "state": "passed",
              "speed": "fast",
              "pass": true,
              "fail": false,
              "pending": false,
              "context": null,
              "code": "cy.visit(\"http://www.webdriveruniversity.com\");\ncy.get('#autocomplete-textfield').invoke('removeAttr', 'target').click({ force: true });\ncy.get('#myInput').type('A');\ncy.get('#myInputautocomplete-list > *').each(function ($el, index, $list) {\n    var prod = $el.text();\n    var productToSelect = 'Avacado';\n    if (prod === productToSelect) {\n        //$el.click();\n        $el.trigger(\"click\");\n        cy.get('#submit-button').click();\n        cy.url().should('include', productToSelect);\n    }\n}).then(function () {\n    cy.get('#myInput').type('g');\n    cy.get('#myInputautocomplete-list > *').each(function ($el, index, $list) {\n        var prod = $el.text();\n        var productToSelect = 'Grapes';\n        if (prod === productToSelect) {\n            //$el.click();\n            $el.trigger(\"click\");\n            cy.get('#submit-button').click();\n            cy.url().should('include', productToSelect);\n        }\n    });\n});",
              "err": {},
              "uuid": "c51ca722-92b1-41e5-ab65-6bd57f8e25e8",
              "parentUUID": "76f773f1-9394-4ab7-bf3a-41e0c34ce315",
              "isHook": false,
              "skipped": false
            }
          ],
          "suites": [],
          "passes": [
            "c51ca722-92b1-41e5-ab65-6bd57f8e25e8"
          ],
          "failures": [],
          "pending": [],
          "skipped": [],
          "duration": 2443,
          "root": false,
          "rootEmpty": false,
          "_timeout": 2000
        }
      ],
      "passes": [],
      "failures": [],
      "pending": [],
      "skipped": [],
      "duration": 0,
      "root": true,
      "rootEmpty": true,
      "_timeout": 2000
    },
    {
      "uuid": "c248d351-ba29-4a62-a1fe-62566d10eaf6",
      "title": "",
      "fullFile": "cypress/e2e/webdriver-uni/browser-navigation.ts",
      "file": "cypress/e2e/webdriver-uni/browser-navigation.ts",
      "beforeHooks": [],
      "afterHooks": [],
      "tests": [],
      "suites": [
        {
          "uuid": "c5f8901c-41e2-44d0-9ef8-ba89eec815d8",
          "title": "Validate webdriveruni homepage links",
          "fullFile": "",
          "file": "",
          "beforeHooks": [],
          "afterHooks": [],
          "tests": [
            {
              "title": "Confirm links redirect to the correct pages",
              "fullTitle": "Validate webdriveruni homepage links Confirm links redirect to the correct pages",
              "timedOut": null,
              "duration": 3945,
              "state": "passed",
              "speed": "fast",
              "pass": true,
              "fail": false,
              "pending": false,
              "context": null,
              "code": "//cy.visit(\"http://www.webdriveruniversity.com/Contact-Us/contactus.html\");\ncy.visit(\"http://www.webdriveruniversity.com\");\ncy.get('#contact-us').invoke('removeAttr', 'target').click({ force: true });\ncy.url().should('include', 'contactus');\ncy.go('back');\ncy.reload();\ncy.url().should('include', 'http://www.webdriveruniversity.com/');\n//cy.reload(true) //reload without using cache\ncy.go('forward');\ncy.url().should('include', 'contactus');\ncy.go('back');\ncy.get('#login-portal').invoke('removeAttr', 'target').click({ force: true });\ncy.url().should('include', 'Login-Portal');\ncy.go('back');\ncy.get('#to-do-list').invoke('removeAttr', 'target').click({ force: true });\ncy.url().should('include', 'To-Do-List');\ncy.go('back');",
              "err": {},
              "uuid": "99cade2e-93d1-43ac-804a-fdf61bd480ac",
              "parentUUID": "c5f8901c-41e2-44d0-9ef8-ba89eec815d8",
              "isHook": false,
              "skipped": false
            }
          ],
          "suites": [],
          "passes": [
            "99cade2e-93d1-43ac-804a-fdf61bd480ac"
          ],
          "failures": [],
          "pending": [],
          "skipped": [],
          "duration": 3945,
          "root": false,
          "rootEmpty": false,
          "_timeout": 2000
        }
      ],
      "passes": [],
      "failures": [],
      "pending": [],
      "skipped": [],
      "duration": 0,
      "root": true,
      "rootEmpty": true,
      "_timeout": 2000
    },
    {
      "uuid": "9fc563d0-d96c-4739-a790-844c8b854b9e",
      "title": "",
      "fullFile": "cypress/e2e/webdriver-uni/checkboxes.ts",
      "file": "cypress/e2e/webdriver-uni/checkboxes.ts",
      "beforeHooks": [],
      "afterHooks": [],
      "tests": [],
      "suites": [
        {
          "uuid": "7cd187d6-4bda-47bb-aff1-6393b876fdb9",
          "title": "Verify checkboxes via webdriveruni",
          "fullFile": "",
          "file": "",
          "beforeHooks": [],
          "afterHooks": [],
          "tests": [
            {
              "title": "Check and validate checkbox",
              "fullTitle": "Verify checkboxes via webdriveruni Check and validate checkbox",
              "timedOut": null,
              "duration": 1202,
              "state": "passed",
              "speed": "fast",
              "pass": true,
              "fail": false,
              "pending": false,
              "context": null,
              "code": "//cy.get('#checkboxes > :nth-child(1) > input').check()\n//cy.get('#checkboxes > :nth-child(1) > input').check().should('be.checked')\ncy.get(\"#checkboxes > :nth-child(1) > input\").as(\"option-1\");\n//cy.get('@option-1').check();\ncy.get(\"@option-1\").check().should(\"be.checked\");",
              "err": {},
              "uuid": "139b16fc-f4f0-45a2-812d-629ae8363755",
              "parentUUID": "7cd187d6-4bda-47bb-aff1-6393b876fdb9",
              "isHook": false,
              "skipped": false
            },
            {
              "title": "Uncheck and validate checkbox",
              "fullTitle": "Verify checkboxes via webdriveruni Uncheck and validate checkbox",
              "timedOut": null,
              "duration": 288,
              "state": "passed",
              "speed": "fast",
              "pass": true,
              "fail": false,
              "pending": false,
              "context": null,
              "code": "cy.get(\":nth-child(5) > input\").as(\"option-3\");\ncy.get(\"@option-3\").uncheck().should(\"not.be.checked\");",
              "err": {},
              "uuid": "6a21ad0f-ff2e-4693-88b8-d993d9525050",
              "parentUUID": "7cd187d6-4bda-47bb-aff1-6393b876fdb9",
              "isHook": false,
              "skipped": false
            },
            {
              "title": "Check mutiple checkboxes",
              "fullTitle": "Verify checkboxes via webdriveruni Check mutiple checkboxes",
              "timedOut": null,
              "duration": 425,
              "state": "passed",
              "speed": "fast",
              "pass": true,
              "fail": false,
              "pending": false,
              "context": null,
              "code": "cy.get(\"input[type='checkbox']\")\n    .check([\"option-1\", \"option-2\", \"option-3\", \"option-4\"])\n    .should(\"be.checked\");",
              "err": {},
              "uuid": "06f95639-4c85-4940-bb2f-6685c6d9a2ec",
              "parentUUID": "7cd187d6-4bda-47bb-aff1-6393b876fdb9",
              "isHook": false,
              "skipped": false
            }
          ],
          "suites": [],
          "passes": [
            "139b16fc-f4f0-45a2-812d-629ae8363755",
            "6a21ad0f-ff2e-4693-88b8-d993d9525050",
            "06f95639-4c85-4940-bb2f-6685c6d9a2ec"
          ],
          "failures": [],
          "pending": [],
          "skipped": [],
          "duration": 1915,
          "root": false,
          "rootEmpty": false,
          "_timeout": 2000
        }
      ],
      "passes": [],
      "failures": [],
      "pending": [],
      "skipped": [],
      "duration": 0,
      "root": true,
      "rootEmpty": true,
      "_timeout": 2000
    },
    {
      "uuid": "b73d722e-a39a-4bf0-9c08-b0ca555ed18f",
      "title": "",
      "fullFile": "cypress/e2e/webdriver-uni/contact-us.ts",
      "file": "cypress/e2e/webdriver-uni/contact-us.ts",
      "beforeHooks": [],
      "afterHooks": [],
      "tests": [],
      "suites": [
        {
          "uuid": "9270e4c0-5415-4839-b9c7-6deac05a44f6",
          "title": "Test Contact Us form via WebdriverUni",
          "fullFile": "",
          "file": "",
          "beforeHooks": [],
          "afterHooks": [],
          "tests": [
            {
              "title": "Should be able to submit a successful submission via contact us form",
              "fullTitle": "Test Contact Us form via WebdriverUni Should be able to submit a successful submission via contact us form",
              "timedOut": null,
              "duration": 4579,
              "state": "passed",
              "speed": "fast",
              "pass": true,
              "fail": false,
              "pending": false,
              "context": null,
              "code": "cy.document().should(\"have.property\", \"charset\").and(\"eq\", \"UTF-8\");\ncy.title().should(\"include\", \"WebDriver | Contact Us\");\ncy.url().should(\"include\", \"contactus\");\ncontactUsPage.contactForm_Submission(Cypress.env(\"firstName\"), Cypress.env(\"lastName\"), data.email, \"How can I learn Cypress?\", \"h1\", \"Thank You for your Message!\");",
              "err": {},
              "uuid": "f08c3e81-1061-481e-ad87-1a4b83d917b4",
              "parentUUID": "9270e4c0-5415-4839-b9c7-6deac05a44f6",
              "isHook": false,
              "skipped": false
            },
            {
              "title": "Should not be able to submit a successful submission via contact us form as all fields are required",
              "fullTitle": "Test Contact Us form via WebdriverUni Should not be able to submit a successful submission via contact us form as all fields are required",
              "timedOut": null,
              "duration": 3228,
              "state": "passed",
              "speed": "fast",
              "pass": true,
              "fail": false,
              "pending": false,
              "context": null,
              "code": "contactUsPage.contactForm_Submission(data.first_name, data.last_name, \" \", data.body, \"body\", \"Error: Invalid email address\");",
              "err": {},
              "uuid": "15c516a7-5244-4b23-83c3-e8ec976c77a2",
              "parentUUID": "9270e4c0-5415-4839-b9c7-6deac05a44f6",
              "isHook": false,
              "skipped": false
            }
          ],
          "suites": [],
          "passes": [
            "f08c3e81-1061-481e-ad87-1a4b83d917b4",
            "15c516a7-5244-4b23-83c3-e8ec976c77a2"
          ],
          "failures": [],
          "pending": [],
          "skipped": [],
          "duration": 7807,
          "root": false,
          "rootEmpty": false,
          "_timeout": 2000
        }
      ],
      "passes": [],
      "failures": [],
      "pending": [],
      "skipped": [],
      "duration": 0,
      "root": true,
      "rootEmpty": true,
      "_timeout": 2000
    },
    {
      "uuid": "6a1489e9-68ee-4a98-a56c-8c9bfef8c590",
      "title": "",
      "fullFile": "cypress/e2e/webdriver-uni/data-tables.ts",
      "file": "cypress/e2e/webdriver-uni/data-tables.ts",
      "beforeHooks": [],
      "afterHooks": [],
      "tests": [],
      "suites": [
        {
          "uuid": "d58502c3-5778-46a8-9ee3-c9bcd6d8df19",
          "title": "Handling data via webdriveruni",
          "fullFile": "",
          "file": "",
          "beforeHooks": [],
          "afterHooks": [],
          "tests": [
            {
              "title": "Calculate and assert the total age of all users",
              "fullTitle": "Handling data via webdriveruni Calculate and assert the total age of all users",
              "timedOut": null,
              "duration": 2072,
              "state": "passed",
              "speed": "fast",
              "pass": true,
              "fail": false,
              "pending": false,
              "context": null,
              "code": "var userDetails = [];\nvar numb = 0;\ncy.get(\"#thumbnail-1 td\")\n    .each(function ($el, index, $list) {\n    userDetails[index] = $el.text();\n})\n    .then(function () {\n    var i;\n    for (i = 0; i < userDetails.length; i++) {\n        if (Number(userDetails[i])) {\n            numb += Number(userDetails[i]);\n        }\n        //cy.log(userDetails[i])\n    }\n    cy.log(\"Found total age: \" + numb);\n    expect(numb).to.eq(322);\n});",
              "err": {},
              "uuid": "eaf91af9-2e55-453e-bd16-28b1bdf8c696",
              "parentUUID": "d58502c3-5778-46a8-9ee3-c9bcd6d8df19",
              "isHook": false,
              "skipped": false
            },
            {
              "title": "Calculate and assert the age of a given user based on last name",
              "fullTitle": "Handling data via webdriveruni Calculate and assert the age of a given user based on last name",
              "timedOut": null,
              "duration": 471,
              "state": "passed",
              "speed": "fast",
              "pass": true,
              "fail": false,
              "pending": false,
              "context": null,
              "code": "cy.get(\"#thumbnail-1 tr td:nth-child(2)\").each(function ($el, index, $list) {\n    var text = $el.text();\n    if (text.includes(\"Woods\")) {\n        cy.get(\"#thumbnail-1 tr td:nth-child(2)\")\n            .eq(index)\n            .next()\n            .then(function (age) {\n            var userAge = age.text();\n            expect(userAge).to.equal(\"80\");\n        });\n    }\n});",
              "err": {},
              "uuid": "1697f75c-d75f-41e3-b71c-2752b8bd79ce",
              "parentUUID": "d58502c3-5778-46a8-9ee3-c9bcd6d8df19",
              "isHook": false,
              "skipped": false
            }
          ],
          "suites": [],
          "passes": [
            "eaf91af9-2e55-453e-bd16-28b1bdf8c696",
            "1697f75c-d75f-41e3-b71c-2752b8bd79ce"
          ],
          "failures": [],
          "pending": [],
          "skipped": [],
          "duration": 2543,
          "root": false,
          "rootEmpty": false,
          "_timeout": 2000
        }
      ],
      "passes": [],
      "failures": [],
      "pending": [],
      "skipped": [],
      "duration": 0,
      "root": true,
      "rootEmpty": true,
      "_timeout": 2000
    },
    {
      "uuid": "97373720-1996-46f7-bc31-2555aa9dfbb4",
      "title": "",
      "fullFile": "cypress/e2e/webdriver-uni/datepicker.ts",
      "file": "cypress/e2e/webdriver-uni/datepicker.ts",
      "beforeHooks": [],
      "afterHooks": [],
      "tests": [],
      "suites": [
        {
          "uuid": "a3776557-dd39-4eae-9fd5-4d37fe294f36",
          "title": "Test Datepicker via webdriveruni",
          "fullFile": "",
          "file": "",
          "beforeHooks": [],
          "afterHooks": [],
          "tests": [
            {
              "title": "Select date from the datepicker",
              "fullTitle": "Test Datepicker via webdriveruni Select date from the datepicker",
              "timedOut": null,
              "duration": 2922,
              "state": "passed",
              "speed": "fast",
              "pass": true,
              "fail": false,
              "pending": false,
              "context": null,
              "code": "cy.visit(\"http://www.webdriveruniversity.com\");\ncy.get(\"#datepicker\").invoke(\"removeAttr\", \"target\").click({ force: true });\ncy.get(\"#datepicker\").click();\n// let date = new Date();\n// date.setDate(date.getDate())\n// cy.log(date.getDate()) //get current day i.e. 22\n// let date2 = new Date();\n// date2.setDate(date.getDate() + 5)\n// cy.log(date2.getDate()) //get current day i.e. 22 + 5 = 27\nvar date = new Date();\ndate.setDate(date.getDate() + 400);\nvar futureYear = date.getFullYear();\nvar futureMonth = date.toLocaleString(\"default\", { month: \"long\" });\nvar futureDay = date.getDate();\ncy.log(\"Future year to select: \" + futureYear);\ncy.log(\"Future month to select: \" + futureMonth);\ncy.log(\"Future day to select: \" + futureDay);\nfunction selectMonthAndYear() {\n    cy.get(\".datepicker-dropdown\")\n        .find(\".datepicker-switch\")\n        .first()\n        .then(function (currentDate) {\n        if (!currentDate.text().includes(futureYear.toString())) {\n            cy.get(\".next\").first().click();\n            selectMonthAndYear();\n        }\n    })\n        .then(function () {\n        cy.get(\".datepicker-dropdown\")\n            .find(\".datepicker-switch\")\n            .first()\n            .then(function (currentDate) {\n            if (!currentDate.text().includes(futureMonth)) {\n                cy.get(\".next\").first().click();\n                selectMonthAndYear();\n            }\n        });\n    });\n}\nfunction selectFutureDay() {\n    cy.get('[class=\"day\"]').contains(futureDay).click();\n}\nselectMonthAndYear();\nselectFutureDay();",
              "err": {},
              "uuid": "e7fe4899-77a1-49ce-8b90-bc929fb301ec",
              "parentUUID": "a3776557-dd39-4eae-9fd5-4d37fe294f36",
              "isHook": false,
              "skipped": false
            }
          ],
          "suites": [],
          "passes": [
            "e7fe4899-77a1-49ce-8b90-bc929fb301ec"
          ],
          "failures": [],
          "pending": [],
          "skipped": [],
          "duration": 2922,
          "root": false,
          "rootEmpty": false,
          "_timeout": 2000
        }
      ],
      "passes": [],
      "failures": [],
      "pending": [],
      "skipped": [],
      "duration": 0,
      "root": true,
      "rootEmpty": true,
      "_timeout": 2000
    },
    {
      "uuid": "cc08d673-c972-48ec-8fd3-05fc3ea5c24d",
      "title": "",
      "fullFile": "cypress/e2e/webdriver-uni/file-upload.ts",
      "file": "cypress/e2e/webdriver-uni/file-upload.ts",
      "beforeHooks": [],
      "afterHooks": [],
      "tests": [],
      "suites": [
        {
          "uuid": "bfc78ef6-14f6-4b80-8c64-a8a7f5c21e17",
          "title": "Test File Upload via webdriveruni",
          "fullFile": "",
          "file": "",
          "beforeHooks": [],
          "afterHooks": [],
          "tests": [
            {
              "title": "Upload a file....",
              "fullTitle": "Test File Upload via webdriveruni Upload a file....",
              "timedOut": null,
              "duration": 2359,
              "state": "passed",
              "speed": "fast",
              "pass": true,
              "fail": false,
              "pending": false,
              "context": null,
              "code": "cy.visit(\"http://www.webdriveruniversity.com\");\ncy.get(\"#file-upload\")\n    .invoke(\"removeAttr\", \"target\")\n    .click({ force: true });\ncy.get(\"#myFile\").selectFile(\"cypress/fixtures/laptop.png\");\ncy.get(\"#submit-button\").click();",
              "err": {},
              "uuid": "89553645-1f1c-41f1-b2de-fea80f096236",
              "parentUUID": "bfc78ef6-14f6-4b80-8c64-a8a7f5c21e17",
              "isHook": false,
              "skipped": false
            },
            {
              "title": "Upload No file...",
              "fullTitle": "Test File Upload via webdriveruni Upload No file...",
              "timedOut": null,
              "duration": 616,
              "state": "passed",
              "speed": "fast",
              "pass": true,
              "fail": false,
              "pending": false,
              "context": null,
              "code": "cy.visit(\"http://www.webdriveruniversity.com\");\ncy.xpath(\"//\\*[@id='file-upload']\").should(\"exist\");\ncy.get(\"#file-upload\")\n    .invoke(\"removeAttr\", \"target\")\n    .click({ force: true });\ncy.get(\"#submit-button\").click();",
              "err": {},
              "uuid": "bedd284a-b888-49a0-a4ff-7ee83d991b12",
              "parentUUID": "bfc78ef6-14f6-4b80-8c64-a8a7f5c21e17",
              "isHook": false,
              "skipped": false
            }
          ],
          "suites": [],
          "passes": [
            "89553645-1f1c-41f1-b2de-fea80f096236",
            "bedd284a-b888-49a0-a4ff-7ee83d991b12"
          ],
          "failures": [],
          "pending": [],
          "skipped": [],
          "duration": 2975,
          "root": false,
          "rootEmpty": false,
          "_timeout": 2000
        }
      ],
      "passes": [],
      "failures": [],
      "pending": [],
      "skipped": [],
      "duration": 0,
      "root": true,
      "rootEmpty": true,
      "_timeout": 2000
    },
    {
      "uuid": "ea325910-416f-43a5-8f42-d9532dc9cde8",
      "title": "",
      "fullFile": "cypress/e2e/webdriver-uni/iframe.ts",
      "file": "cypress/e2e/webdriver-uni/iframe.ts",
      "beforeHooks": [],
      "afterHooks": [],
      "tests": [],
      "suites": [
        {
          "uuid": "d9a9cc31-4524-451b-aa5b-da886d358bc3",
          "title": "Handling IFrame & Modals",
          "fullFile": "",
          "file": "",
          "beforeHooks": [],
          "afterHooks": [],
          "tests": [
            {
              "title": "Handle webdriveruni iframe and modal",
              "fullTitle": "Handling IFrame & Modals Handle webdriveruni iframe and modal",
              "timedOut": null,
              "duration": 2909,
              "state": "passed",
              "speed": "fast",
              "pass": true,
              "fail": false,
              "pending": false,
              "context": null,
              "code": "cy.visit(\"http://www.webdriveruniversity.com\");\ncy.get('#iframe').invoke('removeAttr', 'target').click({ force: true });\ncy.get('#frame').then(function ($iframe) {\n    var body = $iframe.contents().find('body');\n    cy.wrap(body).as('iframe');\n});\ncy.get('@iframe').find('#button-find-out-more').click();\ncy.get('@iframe').find('#myModal').as('modal');\ncy.get('@modal').should(function ($expectedText) {\n    var text = $expectedText.text();\n    expect(text).to.include('Welcome to webdriveruniversity.com we sell a wide range of electrical goods');\n});\ncy.get('@modal').contains('Close').click();",
              "err": {},
              "uuid": "d3cc4b3d-7604-48bd-9975-edfc8f536326",
              "parentUUID": "d9a9cc31-4524-451b-aa5b-da886d358bc3",
              "isHook": false,
              "skipped": false
            }
          ],
          "suites": [],
          "passes": [
            "d3cc4b3d-7604-48bd-9975-edfc8f536326"
          ],
          "failures": [],
          "pending": [],
          "skipped": [],
          "duration": 2909,
          "root": false,
          "rootEmpty": false,
          "_timeout": 2000
        }
      ],
      "passes": [],
      "failures": [],
      "pending": [],
      "skipped": [],
      "duration": 0,
      "root": true,
      "rootEmpty": true,
      "_timeout": 2000
    },
    {
      "uuid": "650edb11-96d7-4e96-9543-0a46501d95c2",
      "title": "",
      "fullFile": "cypress/e2e/webdriver-uni/js-alerts.ts",
      "file": "cypress/e2e/webdriver-uni/js-alerts.ts",
      "beforeHooks": [],
      "afterHooks": [],
      "tests": [],
      "suites": [
        {
          "uuid": "600831c8-20ab-42ed-842b-adef467683de",
          "title": "Handle js alerts",
          "fullFile": "",
          "file": "",
          "beforeHooks": [],
          "afterHooks": [],
          "tests": [
            {
              "title": "Confirm js alert contains the correct text",
              "fullTitle": "Handle js alerts Confirm js alert contains the correct text",
              "timedOut": null,
              "duration": 2294,
              "state": "passed",
              "speed": "fast",
              "pass": true,
              "fail": false,
              "pending": false,
              "context": null,
              "code": "//cy.visit(\"http://www.webdriveruniversity.com/Contact-Us/contactus.html\");\ncy.visit(\"http://www.webdriveruniversity.com\");\ncy.get(\"#popup-alerts\")\n    .invoke(\"removeAttr\", \"target\")\n    .click({ force: true });\ncy.get(\"#button1\").click();\ncy.on(\"window:alert\", function (str) {\n    expect(str).to.equal(\"I am an alert box!\");\n});",
              "err": {},
              "uuid": "c53d4eac-3b3c-40e4-ad14-f42bbf7c1c91",
              "parentUUID": "600831c8-20ab-42ed-842b-adef467683de",
              "isHook": false,
              "skipped": false
            },
            {
              "title": "Validate js confirm alert box works correctly when clicking ok",
              "fullTitle": "Handle js alerts Validate js confirm alert box works correctly when clicking ok",
              "timedOut": null,
              "duration": 472,
              "state": "passed",
              "speed": "fast",
              "pass": true,
              "fail": false,
              "pending": false,
              "context": null,
              "code": "//cy.visit(\"http://www.webdriveruniversity.com/Contact-Us/contactus.html\");\ncy.visit(\"http://www.webdriveruniversity.com\");\ncy.get(\"#popup-alerts\")\n    .invoke(\"removeAttr\", \"target\")\n    .click({ force: true });\ncy.get(\"#button4\").click();\ncy.on(\"window:confirm\", function (str) {\n    return true;\n});\ncy.get(\"#confirm-alert-text\").contains(\"You pressed OK!\");",
              "err": {},
              "uuid": "bb2392d8-1cea-4bf7-aece-925cda9a0786",
              "parentUUID": "600831c8-20ab-42ed-842b-adef467683de",
              "isHook": false,
              "skipped": false
            },
            {
              "title": "Validate js confirm alert box works correctly when clicking cancel",
              "fullTitle": "Handle js alerts Validate js confirm alert box works correctly when clicking cancel",
              "timedOut": null,
              "duration": 485,
              "state": "passed",
              "speed": "fast",
              "pass": true,
              "fail": false,
              "pending": false,
              "context": null,
              "code": "//cy.visit(\"http://www.webdriveruniversity.com/Contact-Us/contactus.html\");\ncy.visit(\"http://www.webdriveruniversity.com\");\ncy.get(\"#popup-alerts\")\n    .invoke(\"removeAttr\", \"target\")\n    .click({ force: true });\ncy.get(\"#button4\").click();\ncy.on(\"window:confirm\", function (str) {\n    return false;\n});\ncy.get(\"#confirm-alert-text\").contains(\"You pressed Cancel!\");",
              "err": {},
              "uuid": "3ea6f7bf-754e-499f-a69c-1ff1d44631fd",
              "parentUUID": "600831c8-20ab-42ed-842b-adef467683de",
              "isHook": false,
              "skipped": false
            },
            {
              "title": "Validate js confirm alert box using a stub",
              "fullTitle": "Handle js alerts Validate js confirm alert box using a stub",
              "timedOut": null,
              "duration": 468,
              "state": "passed",
              "speed": "fast",
              "pass": true,
              "fail": false,
              "pending": false,
              "context": null,
              "code": "//cy.visit(\"http://www.webdriveruniversity.com/Contact-Us/contactus.html\");\ncy.visit(\"http://www.webdriveruniversity.com\");\ncy.get(\"#popup-alerts\")\n    .invoke(\"removeAttr\", \"target\")\n    .click({ force: true });\nvar stub = cy.stub();\ncy.on(\"window:confirm\", stub);\ncy.get(\"#button4\")\n    .click()\n    .then(function () {\n    expect(stub.getCall(0)).to.be.calledWith(\"Press a button!\");\n})\n    .then(function () {\n    return true;\n})\n    .then(function () {\n    cy.get(\"#confirm-alert-text\").contains(\"You pressed OK!\");\n});",
              "err": {},
              "uuid": "d082469d-68f0-463f-82b3-4c0257420015",
              "parentUUID": "600831c8-20ab-42ed-842b-adef467683de",
              "isHook": false,
              "skipped": false
            }
          ],
          "suites": [],
          "passes": [
            "c53d4eac-3b3c-40e4-ad14-f42bbf7c1c91",
            "bb2392d8-1cea-4bf7-aece-925cda9a0786",
            "3ea6f7bf-754e-499f-a69c-1ff1d44631fd",
            "d082469d-68f0-463f-82b3-4c0257420015"
          ],
          "failures": [],
          "pending": [],
          "skipped": [],
          "duration": 3719,
          "root": false,
          "rootEmpty": false,
          "_timeout": 2000
        }
      ],
      "passes": [],
      "failures": [],
      "pending": [],
      "skipped": [],
      "duration": 0,
      "root": true,
      "rootEmpty": true,
      "_timeout": 2000
    },
    {
      "uuid": "7c77c3bb-3216-4790-b8b8-437a0e11aa93",
      "title": "",
      "fullFile": "cypress/e2e/webdriver-uni/mouse-actions.ts",
      "file": "cypress/e2e/webdriver-uni/mouse-actions.ts",
      "beforeHooks": [],
      "afterHooks": [],
      "tests": [],
      "suites": [
        {
          "uuid": "3fc00e23-bc1c-4072-a051-0d8f551a96f5",
          "title": "Test mouse actions",
          "fullFile": "",
          "file": "",
          "beforeHooks": [],
          "afterHooks": [],
          "tests": [
            {
              "title": "Scroll element into view",
              "fullTitle": "Test mouse actions Scroll element into view",
              "timedOut": null,
              "duration": 2096,
              "state": "passed",
              "speed": "fast",
              "pass": true,
              "fail": false,
              "pending": false,
              "context": null,
              "code": "cy.visit(\"http://www.webdriveruniversity.com\");\ncy.get('#actions').scrollIntoView().invoke('removeAttr', 'target').click({ force: true });",
              "err": {},
              "uuid": "62e2feff-38e0-432c-bfb3-8bf773df7649",
              "parentUUID": "3fc00e23-bc1c-4072-a051-0d8f551a96f5",
              "isHook": false,
              "skipped": false
            },
            {
              "title": "I should be able to drag and drop a draggable item",
              "fullTitle": "Test mouse actions I should be able to drag and drop a draggable item",
              "timedOut": null,
              "duration": 459,
              "state": "passed",
              "speed": "fast",
              "pass": true,
              "fail": false,
              "pending": false,
              "context": null,
              "code": "cy.visit(\"http://www.webdriveruniversity.com\");\ncy.get('#actions').scrollIntoView().invoke('removeAttr', 'target').click({ force: true });\ncy.get('#draggable').trigger('mousedown', { which: 1 });\ncy.get('#droppable').trigger('mousemove').trigger('mouseup', { force: true });",
              "err": {},
              "uuid": "5eae5939-984d-4af2-aec6-c0c30234d98e",
              "parentUUID": "3fc00e23-bc1c-4072-a051-0d8f551a96f5",
              "isHook": false,
              "skipped": false
            },
            {
              "title": "I should be able to perform a double mouse click",
              "fullTitle": "Test mouse actions I should be able to perform a double mouse click",
              "timedOut": null,
              "duration": 465,
              "state": "passed",
              "speed": "fast",
              "pass": true,
              "fail": false,
              "pending": false,
              "context": null,
              "code": "cy.visit(\"http://www.webdriveruniversity.com\");\ncy.get('#actions').scrollIntoView().invoke('removeAttr', 'target').click({ force: true });\ncy.get('#double-click').dblclick();",
              "err": {},
              "uuid": "426028c2-b83a-40b4-8b6a-b1839a1f1eef",
              "parentUUID": "3fc00e23-bc1c-4072-a051-0d8f551a96f5",
              "isHook": false,
              "skipped": false
            },
            {
              "title": "I should be able hold down the left mouse click button on a given element",
              "fullTitle": "Test mouse actions I should be able hold down the left mouse click button on a given element",
              "timedOut": null,
              "duration": 424,
              "state": "passed",
              "speed": "fast",
              "pass": true,
              "fail": false,
              "pending": false,
              "context": null,
              "code": "cy.visit(\"http://www.webdriveruniversity.com\");\ncy.get('#actions').scrollIntoView().invoke('removeAttr', 'target').click({ force: true });\ncy.get('#click-box').trigger('mousedown', { which: 1 }).then(function ($element) {\n    expect($element).to.have.css('background-color', 'rgb(0, 255, 0)');\n});",
              "err": {},
              "uuid": "d4d4d2b1-78b4-4feb-8937-1842f0bb82c4",
              "parentUUID": "3fc00e23-bc1c-4072-a051-0d8f551a96f5",
              "isHook": false,
              "skipped": false
            }
          ],
          "suites": [],
          "passes": [
            "62e2feff-38e0-432c-bfb3-8bf773df7649",
            "5eae5939-984d-4af2-aec6-c0c30234d98e",
            "426028c2-b83a-40b4-8b6a-b1839a1f1eef",
            "d4d4d2b1-78b4-4feb-8937-1842f0bb82c4"
          ],
          "failures": [],
          "pending": [],
          "skipped": [],
          "duration": 3444,
          "root": false,
          "rootEmpty": false,
          "_timeout": 2000
        }
      ],
      "passes": [],
      "failures": [],
      "pending": [],
      "skipped": [],
      "duration": 0,
      "root": true,
      "rootEmpty": true,
      "_timeout": 2000
    },
    {
      "uuid": "822d7243-0aff-4048-8e8e-4f6fbc10a6d6",
      "title": "",
      "fullFile": "cypress/e2e/webdriver-uni/radio-buttons.ts",
      "file": "cypress/e2e/webdriver-uni/radio-buttons.ts",
      "beforeHooks": [],
      "afterHooks": [],
      "tests": [],
      "suites": [
        {
          "uuid": "f5899b81-bc2e-4660-a9f0-f9e63c7a67d7",
          "title": "Verify radio buttons via webdriveruni",
          "fullFile": "",
          "file": "",
          "beforeHooks": [],
          "afterHooks": [],
          "tests": [
            {
              "title": "Check specific radio buttons",
              "fullTitle": "Verify radio buttons via webdriveruni Check specific radio buttons",
              "timedOut": null,
              "duration": 2586,
              "state": "passed",
              "speed": "fast",
              "pass": true,
              "fail": false,
              "pending": false,
              "context": null,
              "code": "cy.visit(\"http://www.webdriveruniversity.com\");\ncy.get('#dropdown-checkboxes-radiobuttons').invoke('removeAttr', 'target').click({ force: true });\ncy.get('#radio-buttons').find(\"[type='radio']\").first().check();\ncy.get('#radio-buttons').find(\"[type='radio']\").eq(1).check();",
              "err": {},
              "uuid": "4d5981c4-df32-4f9b-b33c-4037954aad68",
              "parentUUID": "f5899b81-bc2e-4660-a9f0-f9e63c7a67d7",
              "isHook": false,
              "skipped": false
            },
            {
              "title": "Validate the states of specific radio buttons",
              "fullTitle": "Verify radio buttons via webdriveruni Validate the states of specific radio buttons",
              "timedOut": null,
              "duration": 666,
              "state": "passed",
              "speed": "fast",
              "pass": true,
              "fail": false,
              "pending": false,
              "context": null,
              "code": "cy.visit(\"http://www.webdriveruniversity.com\");\ncy.get('#dropdown-checkboxes-radiobuttons').invoke('removeAttr', 'target').click({ force: true });\ncy.get(\"[value='lettuce']\").should('not.be.checked');\ncy.get(\"[value='pumpkin']\").should('be.checked');\ncy.get(\"[value='lettuce']\").check();\ncy.get(\"[value='lettuce']\").should('be.checked');\ncy.get(\"[value='pumpkin']\").should('not.be.checked');\ncy.get(\"[value='cabbage']\").should('be.disabled');",
              "err": {},
              "uuid": "7c6b3539-4fbb-4c55-b8d6-c02da4eb7796",
              "parentUUID": "f5899b81-bc2e-4660-a9f0-f9e63c7a67d7",
              "isHook": false,
              "skipped": false
            }
          ],
          "suites": [],
          "passes": [
            "4d5981c4-df32-4f9b-b33c-4037954aad68",
            "7c6b3539-4fbb-4c55-b8d6-c02da4eb7796"
          ],
          "failures": [],
          "pending": [],
          "skipped": [],
          "duration": 3252,
          "root": false,
          "rootEmpty": false,
          "_timeout": 2000
        }
      ],
      "passes": [],
      "failures": [],
      "pending": [],
      "skipped": [],
      "duration": 0,
      "root": true,
      "rootEmpty": true,
      "_timeout": 2000
    },
    {
      "uuid": "d0dec0e7-3361-4686-9ad2-44c3c63383f3",
      "title": "",
      "fullFile": "cypress/e2e/webdriver-uni/select-dropdown-list.ts",
      "file": "cypress/e2e/webdriver-uni/select-dropdown-list.ts",
      "beforeHooks": [],
      "afterHooks": [],
      "tests": [],
      "suites": [
        {
          "uuid": "8fd59553-8f60-4a93-a34d-b19769e2db69",
          "title": "Interact with dropdown lists via webdriveruni",
          "fullFile": "",
          "file": "",
          "beforeHooks": [],
          "afterHooks": [],
          "tests": [
            {
              "title": "Select specific values via select dropdown lists",
              "fullTitle": "Interact with dropdown lists via webdriveruni Select specific values via select dropdown lists",
              "timedOut": null,
              "duration": 3070,
              "state": "passed",
              "speed": "fast",
              "pass": true,
              "fail": false,
              "pending": false,
              "context": null,
              "code": "cy.visit(\"http://www.webdriveruniversity.com\");\ncy.get('#dropdown-checkboxes-radiobuttons').invoke('removeAttr', 'target').click({ force: true });\ncy.get('#dropdowm-menu-1').select('c#');\ncy.get('#dropdowm-menu-2').select('testng').should('have.value', 'testng');\ncy.get('#dropdowm-menu-3').select('JQuery').contains('JQuery');\ncy.get('#dropdowm-menu-2').select('maven').should('have.value', 'maven');\ncy.get('#dropdowm-menu-2').select('TestNG').contains('TestNG');",
              "err": {},
              "uuid": "799c7f01-f969-4aa6-a7e2-e2415fbd73fe",
              "parentUUID": "8fd59553-8f60-4a93-a34d-b19769e2db69",
              "isHook": false,
              "skipped": false
            }
          ],
          "suites": [],
          "passes": [
            "799c7f01-f969-4aa6-a7e2-e2415fbd73fe"
          ],
          "failures": [],
          "pending": [],
          "skipped": [],
          "duration": 3070,
          "root": false,
          "rootEmpty": false,
          "_timeout": 2000
        }
      ],
      "passes": [],
      "failures": [],
      "pending": [],
      "skipped": [],
      "duration": 0,
      "root": true,
      "rootEmpty": true,
      "_timeout": 2000
    },
    {
      "uuid": "8dca6be6-468c-4a97-9b5b-eb774600b70b",
      "title": "",
      "fullFile": "cypress/e2e/webdriver-uni/traversing-elements.ts",
      "file": "cypress/e2e/webdriver-uni/traversing-elements.ts",
      "beforeHooks": [],
      "afterHooks": [],
      "tests": [],
      "suites": [
        {
          "uuid": "2062962d-1db9-424f-b22f-13e81dbabfa1",
          "title": "Traversing DOM elements in Cypress",
          "fullFile": "",
          "file": "",
          "beforeHooks": [],
          "afterHooks": [],
          "tests": [
            {
              "title": "children() to get the children of DOM elements",
              "fullTitle": "Traversing DOM elements in Cypress children() to get the children of DOM elements",
              "timedOut": null,
              "duration": 1777,
              "state": "passed",
              "speed": "fast",
              "pass": true,
              "fail": false,
              "pending": false,
              "context": null,
              "code": "cy.get('.traversal-breadcrumb').children('.active').should('contain', 'Contact Us');",
              "err": {},
              "uuid": "1aac7706-3a4b-467f-bc8a-f858ada75665",
              "parentUUID": "2062962d-1db9-424f-b22f-13e81dbabfa1",
              "isHook": false,
              "skipped": false
            },
            {
              "title": "closest() to validate the closest ancestor DOM element",
              "fullTitle": "Traversing DOM elements in Cypress closest() to validate the closest ancestor DOM element",
              "timedOut": null,
              "duration": 428,
              "state": "passed",
              "speed": "fast",
              "pass": true,
              "fail": false,
              "pending": false,
              "context": null,
              "code": "cy.get('.traversal-badge').closest('ul').should('have.class', 'list-group');",
              "err": {},
              "uuid": "f12d7ea8-40dc-45f0-b286-4951113f63d0",
              "parentUUID": "2062962d-1db9-424f-b22f-13e81dbabfa1",
              "isHook": false,
              "skipped": false
            },
            {
              "title": "eq() to retrieve a specific element based on index",
              "fullTitle": "Traversing DOM elements in Cypress eq() to retrieve a specific element based on index",
              "timedOut": null,
              "duration": 564,
              "state": "passed",
              "speed": "fast",
              "pass": true,
              "fail": false,
              "pending": false,
              "context": null,
              "code": "cy.get('.traversal-drinks-list > *').eq(2).should('contain', 'Milk');",
              "err": {},
              "uuid": "4e1c0720-84bf-4f64-ab25-12338050a890",
              "parentUUID": "2062962d-1db9-424f-b22f-13e81dbabfa1",
              "isHook": false,
              "skipped": false
            },
            {
              "title": "filter() to retrieve DOM elements that match a specific selector",
              "fullTitle": "Traversing DOM elements in Cypress filter() to retrieve DOM elements that match a specific selector",
              "timedOut": null,
              "duration": 458,
              "state": "passed",
              "speed": "fast",
              "pass": true,
              "fail": false,
              "pending": false,
              "context": null,
              "code": "cy.get('.btn-group-toggle > *').filter('.active').should('contain', 'Button-1');",
              "err": {},
              "uuid": "51dbac98-18f6-44cb-b7f2-e024b1a73e22",
              "parentUUID": "2062962d-1db9-424f-b22f-13e81dbabfa1",
              "isHook": false,
              "skipped": false
            },
            {
              "title": "find() to retrieve DOM elements of a given selector",
              "fullTitle": "Traversing DOM elements in Cypress find() to retrieve DOM elements of a given selector",
              "timedOut": null,
              "duration": 433,
              "state": "passed",
              "speed": "fast",
              "pass": true,
              "fail": false,
              "pending": false,
              "context": null,
              "code": "cy.get('.traversal-pagination').find('li').find('a').should('have.length', 7);",
              "err": {},
              "uuid": "11714086-4e79-4cf4-b3d2-9e38cc32edd3",
              "parentUUID": "2062962d-1db9-424f-b22f-13e81dbabfa1",
              "isHook": false,
              "skipped": false
            },
            {
              "title": "first() to retrieve the first DOM element within elements ",
              "fullTitle": "Traversing DOM elements in Cypress first() to retrieve the first DOM element within elements ",
              "timedOut": null,
              "duration": 467,
              "state": "passed",
              "speed": "fast",
              "pass": true,
              "fail": false,
              "pending": false,
              "context": null,
              "code": "cy.get('.traversal-table > tbody > tr > td').first().should('contain', 'Andy');",
              "err": {},
              "uuid": "5d9df90f-4119-487f-a7ee-2c00eeea938d",
              "parentUUID": "2062962d-1db9-424f-b22f-13e81dbabfa1",
              "isHook": false,
              "skipped": false
            },
            {
              "title": "last() to retrieve the last DOM element within elements",
              "fullTitle": "Traversing DOM elements in Cypress last() to retrieve the last DOM element within elements",
              "timedOut": null,
              "duration": 488,
              "state": "passed",
              "speed": "fast",
              "pass": true,
              "fail": false,
              "pending": false,
              "context": null,
              "code": "cy.get('.traversal-table > tbody > tr > td').last().should('contain', 'Scott');",
              "err": {},
              "uuid": "cdd556fa-9120-4cf2-8a7f-b576a87e3db7",
              "parentUUID": "2062962d-1db9-424f-b22f-13e81dbabfa1",
              "isHook": false,
              "skipped": false
            },
            {
              "title": "nextAll() to get all of the next sibling DOM elements within elements",
              "fullTitle": "Traversing DOM elements in Cypress nextAll() to get all of the next sibling DOM elements within elements",
              "timedOut": null,
              "duration": 444,
              "state": "passed",
              "speed": "fast",
              "pass": true,
              "fail": false,
              "pending": false,
              "context": null,
              "code": "cy.get('.traversal-drinks-list').contains('Tea').nextAll().should('have.length', '3');",
              "err": {},
              "uuid": "da13a8ca-5a3d-412b-956d-0731a3809b8a",
              "parentUUID": "2062962d-1db9-424f-b22f-13e81dbabfa1",
              "isHook": false,
              "skipped": false
            },
            {
              "title": "nextUntil() to get all of the next sibling DOM elements within elements until another element",
              "fullTitle": "Traversing DOM elements in Cypress nextUntil() to get all of the next sibling DOM elements within elements until another element",
              "timedOut": null,
              "duration": 435,
              "state": "passed",
              "speed": "fast",
              "pass": true,
              "fail": false,
              "pending": false,
              "context": null,
              "code": "cy.get('#coffee').nextUntil('#milk');",
              "err": {},
              "uuid": "ddcbbe35-8fa0-4577-9354-5ae5f075c331",
              "parentUUID": "2062962d-1db9-424f-b22f-13e81dbabfa1",
              "isHook": false,
              "skipped": false
            },
            {
              "title": "not() to remove DOM element(s) from the set of elements",
              "fullTitle": "Traversing DOM elements in Cypress not() to remove DOM element(s) from the set of elements",
              "timedOut": null,
              "duration": 617,
              "state": "passed",
              "speed": "fast",
              "pass": true,
              "fail": false,
              "pending": false,
              "context": null,
              "code": "cy.get('.traversal-button-states > button').not('.disabled').should('not.have.class', 'disabled');",
              "err": {},
              "uuid": "f18ac5fd-fd8a-4d84-93ad-393cc0972bba",
              "parentUUID": "2062962d-1db9-424f-b22f-13e81dbabfa1",
              "isHook": false,
              "skipped": false
            },
            {
              "title": "parent() To get parent DOM element of elements",
              "fullTitle": "Traversing DOM elements in Cypress parent() To get parent DOM element of elements",
              "timedOut": null,
              "duration": 452,
              "state": "passed",
              "speed": "fast",
              "pass": true,
              "fail": false,
              "pending": false,
              "context": null,
              "code": "cy.get('.traversal-mark').parent().should('contain', 'Lorem ipsum dolor sit amet');",
              "err": {},
              "uuid": "2fb4fb9f-e52b-4dbf-9ab9-b6e653ba48fb",
              "parentUUID": "2062962d-1db9-424f-b22f-13e81dbabfa1",
              "isHook": false,
              "skipped": false
            },
            {
              "title": "parents() to get parents DOM element of elements",
              "fullTitle": "Traversing DOM elements in Cypress parents() to get parents DOM element of elements",
              "timedOut": null,
              "duration": 473,
              "state": "passed",
              "speed": "fast",
              "pass": true,
              "fail": false,
              "pending": false,
              "context": null,
              "code": "cy.get('.traversal-cite').parents().should('match', 'blockquote');",
              "err": {},
              "uuid": "7806f44e-a7de-4c5c-b97f-23dede320e3e",
              "parentUUID": "2062962d-1db9-424f-b22f-13e81dbabfa1",
              "isHook": false,
              "skipped": false
            },
            {
              "title": "prev() to get the previous sibling DOM element within elements",
              "fullTitle": "Traversing DOM elements in Cypress prev() to get the previous sibling DOM element within elements",
              "timedOut": null,
              "duration": 431,
              "state": "passed",
              "speed": "fast",
              "pass": true,
              "fail": false,
              "pending": false,
              "context": null,
              "code": "cy.get('#sugar').prev().contains('Espresso');",
              "err": {},
              "uuid": "abee14b6-a7c5-477e-b47d-1dd9828bd4b4",
              "parentUUID": "2062962d-1db9-424f-b22f-13e81dbabfa1",
              "isHook": false,
              "skipped": false
            },
            {
              "title": "prevAll() to get all previous sibling DOM elements within elements",
              "fullTitle": "Traversing DOM elements in Cypress prevAll() to get all previous sibling DOM elements within elements",
              "timedOut": null,
              "duration": 427,
              "state": "passed",
              "speed": "fast",
              "pass": true,
              "fail": false,
              "pending": false,
              "context": null,
              "code": "cy.get('.sales').prevAll().should('have.length', 2);",
              "err": {},
              "uuid": "52a5b70d-1804-4fbb-9dce-795f001f544f",
              "parentUUID": "2062962d-1db9-424f-b22f-13e81dbabfa1",
              "isHook": false,
              "skipped": false
            },
            {
              "title": "prevUntil() to get all previous sibling DOM elements within elements until other element",
              "fullTitle": "Traversing DOM elements in Cypress prevUntil() to get all previous sibling DOM elements within elements until other element",
              "timedOut": null,
              "duration": 434,
              "state": "passed",
              "speed": "fast",
              "pass": true,
              "fail": false,
              "pending": false,
              "context": null,
              "code": "cy.get('#veggie').prevUntil('#fruits').should('have.length', 5);",
              "err": {},
              "uuid": "a386acd0-7873-4c10-8214-7d31679dc32d",
              "parentUUID": "2062962d-1db9-424f-b22f-13e81dbabfa1",
              "isHook": false,
              "skipped": false
            },
            {
              "title": "siblings() To get all sibling DOM elements of elements",
              "fullTitle": "Traversing DOM elements in Cypress siblings() To get all sibling DOM elements of elements",
              "timedOut": null,
              "duration": 506,
              "state": "passed",
              "speed": "fast",
              "pass": true,
              "fail": false,
              "pending": false,
              "context": null,
              "code": "cy.get('.traversal-button-other-states .active').siblings().should('have.length', 3);",
              "err": {},
              "uuid": "b4504e4f-7321-44ac-861f-fd8b95873dab",
              "parentUUID": "2062962d-1db9-424f-b22f-13e81dbabfa1",
              "isHook": false,
              "skipped": false
            }
          ],
          "suites": [],
          "passes": [
            "1aac7706-3a4b-467f-bc8a-f858ada75665",
            "f12d7ea8-40dc-45f0-b286-4951113f63d0",
            "4e1c0720-84bf-4f64-ab25-12338050a890",
            "51dbac98-18f6-44cb-b7f2-e024b1a73e22",
            "11714086-4e79-4cf4-b3d2-9e38cc32edd3",
            "5d9df90f-4119-487f-a7ee-2c00eeea938d",
            "cdd556fa-9120-4cf2-8a7f-b576a87e3db7",
            "da13a8ca-5a3d-412b-956d-0731a3809b8a",
            "ddcbbe35-8fa0-4577-9354-5ae5f075c331",
            "f18ac5fd-fd8a-4d84-93ad-393cc0972bba",
            "2fb4fb9f-e52b-4dbf-9ab9-b6e653ba48fb",
            "7806f44e-a7de-4c5c-b97f-23dede320e3e",
            "abee14b6-a7c5-477e-b47d-1dd9828bd4b4",
            "52a5b70d-1804-4fbb-9dce-795f001f544f",
            "a386acd0-7873-4c10-8214-7d31679dc32d",
            "b4504e4f-7321-44ac-861f-fd8b95873dab"
          ],
          "failures": [],
          "pending": [],
          "skipped": [],
          "duration": 8834,
          "root": false,
          "rootEmpty": false,
          "_timeout": 2000
        }
      ],
      "passes": [],
      "failures": [],
      "pending": [],
      "skipped": [],
      "duration": 0,
      "root": true,
      "rootEmpty": true,
      "_timeout": 2000
    }
  ],
  "meta": {
    "mocha": {
      "version": "7.0.1"
    },
    "mochawesome": {
      "options": {
        "quiet": false,
        "reportFilename": "mochawesome",
        "saveHtml": false,
        "saveJson": true,
        "consoleReporter": "spec",
        "useInlineDiffs": false,
        "code": true
      },
      "version": "7.1.3"
    },
    "marge": {
      "options": {
        "id": "default",
        "reportDir": "cypress/results/mochawesome",
        "quite": true,
        "overwrite": false,
        "html": false,
        "json": true
      },
      "version": "6.2.0"
    }
  }
}